<?xml version="1.0" encoding="UTF-8"?>
<!-- Generated by org.testng.reporters.JUnitReportReporter -->
<testsuite hostname="Hameed" failures="0" tests="5" name="test.TestExecution" time="0.014" errors="0" timestamp="2024-10-10T08:14:39 IST" skipped="1">
  <testcase classname="test.TestExecution" name="testSeven" time="0.002"/>
  <testcase classname="test.TestExecution" name="testThree" time="0.004"/>
  <testcase classname="test.TestExecution" name="testFive" time="0.006"/>
  <testcase classname="test.TestExecution" name="testTwo" time="0.002"/>
  <testcase classname="test.TestExecution" name="testOne">
    <skipped/>
  </testcase> <!-- testOne -->
</testsuite> <!-- test.TestExecution -->
