<?xml version="1.0" encoding="UTF-8"?>
<!-- Generated by org.testng.reporters.JUnitReportReporter -->
<testsuite hostname="Hameed" failures="0" tests="2" name="test.TestExecution1" time="12.738" errors="0" timestamp="2024-10-23T08:09:59 IST" skipped="0">
  <testcase classname="test.TestExecution1" name="test" time="7.049"/>
  <testcase classname="test.TestExecution1" name="test1" time="5.689"/>
</testsuite> <!-- test.TestExecution1 -->
